========================================
FIREBYTE FPS - BUILD STABLE SUCCESS
========================================
Date: 2026-02-14
Status: BUILD SUCCEEDED
Exit Code: 0

FILES COMPILED:
- Scripts/Player.cs (Simplified Movement)
- Scripts/Main.cs (Basic Scene Setup)

FEATURES WORKING:
✅ Player Movement (WASD)
✅ Jump System (Space)
✅ Camera System
✅ Basic Physics
✅ Floor Collision
✅ Directional Lighting

COMPATIBILITY:
✅ Godot 4.2 Compatible
✅ C# .NET 8.0
✅ Zero API Errors
✅ Clean Compilation

NEXT STEPS:
- Add Weapon System
- Add UI Elements
- Add Enemy AI
- Add Effects

========================================
BUILD LOCKED - READY FOR DEVELOPMENT
========================================
